<?xml version="1.0" encoding="UTF-8"?>
<!-- Generated by org.testng.reporters.JUnitReportReporter -->
<testsuite hostname="MOEEXTLTBLA006" failures="0" tests="3" name="com.freecrm.testcases.HomePage" time="147.431" errors="0" timestamp="2024-10-27T15:53:05 GST" skipped="0">
  <testcase classname="com.freecrm.testcases.HomePage" name="clickoncontact" time="58.746"/>
  <testcase classname="com.freecrm.testcases.HomePage" name="clickondeals" time="42.902"/>
  <testcase classname="com.freecrm.testcases.HomePage" name="clickontasks" time="45.783"/>
</testsuite> <!-- com.freecrm.testcases.HomePage -->
