<?xml version="1.0" encoding="UTF-8"?>
<!-- Generated by org.testng.reporters.JUnitReportReporter -->
<testsuite hostname="MOEEXTLTBLA006" failures="0" tests="4" name="com.freecrm.testcases.LoginPageTest" time="90.607" errors="0" timestamp="2024-10-27T15:53:05 GST" skipped="0">
  <testcase classname="com.freecrm.testcases.LoginPageTest" name="title_test" time="16.950"/>
  <testcase classname="com.freecrm.testcases.LoginPageTest" name="urlCheck" time="17.015"/>
  <testcase classname="com.freecrm.testcases.LoginPageTest" name="logoTest" time="21.012"/>
  <testcase classname="com.freecrm.testcases.LoginPageTest" name="LoginTest" time="35.630"/>
</testsuite> <!-- com.freecrm.testcases.LoginPageTest -->
