<?xml version="1.0" encoding="UTF-8"?>
<!-- Generated by org.testng.reporters.JUnitReportReporter -->
<testsuite hostname="MOEEXTLTBLA006" failures="0" tests="4" name="com.freecrm.testcases.ContactPageTest" time="257.518" errors="0" timestamp="2024-10-28T13:49:50 GST" skipped="0">
  <testcase classname="com.freecrm.testcases.ContactPageTest" name="addContact" time="48.726"/>
  <testcase classname="com.freecrm.testcases.ContactPageTest" name="addContact" time="49.537"/>
  <testcase classname="com.freecrm.testcases.ContactPageTest" name="addContact" time="78.772"/>
  <testcase classname="com.freecrm.testcases.ContactPageTest" name="addContact" time="80.483"/>
</testsuite> <!-- com.freecrm.testcases.ContactPageTest -->
